[debug] [2019-06-22T18:18:19.251Z] ----------------------------------------------------------------------
[debug] [2019-06-22T18:18:19.253Z] Command:       /usr/local/bin/node /usr/local/bin/firebase serve --only functions/hosting
[debug] [2019-06-22T18:18:19.253Z] CLI Version:   7.0.0
[debug] [2019-06-22T18:18:19.253Z] Platform:      darwin
[debug] [2019-06-22T18:18:19.253Z] Node Version:  v10.14.2
[debug] [2019-06-22T18:18:19.259Z] Time:          Sat Jun 22 2019 23:48:19 GMT+0530 (India Standard Time)
[debug] [2019-06-22T18:18:19.259Z] ----------------------------------------------------------------------
[debug] 
[warn] ⚠  No Firebase project directory detected. Serving static content from /Users/qcom/code/jsclasses
[debug] [2019-06-22T18:18:21.918Z] TypeError: Cannot read property 'has' of undefined
    at /usr/local/lib/node_modules/firebase-tools/lib/filterTargets.js:6:31
    at Array.filter (<anonymous>)
    at module.exports (/usr/local/lib/node_modules/firebase-tools/lib/filterTargets.js:5:32)
    at Command.module.exports.Command.description.option.option.option.option.before.action [as _action] (/usr/local/lib/node_modules/firebase-tools/lib/commands/serve.js:57:23)
    at /usr/local/lib/node_modules/firebase-tools/lib/command.js:163:37
    at process._tickCallback (internal/process/next_tick.js:68:7)
    at Function.Module.runMain (internal/modules/cjs/loader.js:745:11)
    at startup (internal/bootstrap/node.js:282:19)
    at bootstrapNodeJSCore (internal/bootstrap/node.js:743:3)
[error] 
[error] Error: An unexpected error has occurred.
[debug] [2019-06-22T20:26:07.130Z] ----------------------------------------------------------------------
[debug] [2019-06-22T20:26:07.132Z] Command:       /usr/local/bin/node /usr/local/bin/firebase serve
[debug] [2019-06-22T20:26:07.133Z] CLI Version:   7.0.0
[debug] [2019-06-22T20:26:07.133Z] Platform:      darwin
[debug] [2019-06-22T20:26:07.133Z] Node Version:  v10.14.2
[debug] [2019-06-22T20:26:07.134Z] Time:          Sun Jun 23 2019 01:56:07 GMT+0530 (India Standard Time)
[debug] [2019-06-22T20:26:07.134Z] ----------------------------------------------------------------------
[debug] 
